d:\hlsl project\dx\imgui\imgui\debug\vc140.pdb
d:\hlsl project\dx\imgui\imgui\debug\vc140.idb
d:\hlsl project\dx\imgui\imgui\debug\application.obj
d:\hlsl project\dx\imgui\imgui\debug\camera.obj
d:\hlsl project\dx\imgui\imgui\debug\cmdmain.obj
d:\hlsl project\dx\imgui\imgui\debug\device.obj
d:\hlsl project\dx\imgui\imgui\debug\imgui.obj
d:\hlsl project\dx\imgui\imgui\debug\input.obj
d:\hlsl project\dx\imgui\imgui\debug\main.obj
d:\hlsl project\dx\imgui\imgui\debug\model.obj
d:\hlsl project\dx\imgui\imgui\debug\time.obj
d:\hlsl project\dx\imgui\imgui\debug\tiny_obj_loader.obj
d:\hlsl project\dx\imgui\imgui\debug\winvar.obj
d:\hlsl project\dx\imgui\debug\imgui.ilk
d:\hlsl project\dx\imgui\debug\imgui.exe
d:\hlsl project\dx\imgui\debug\imgui.pdb
d:\hlsl project\dx\imgui\imgui\debug\imgui.tlog\cl.command.1.tlog
d:\hlsl project\dx\imgui\imgui\debug\imgui.tlog\cl.read.1.tlog
d:\hlsl project\dx\imgui\imgui\debug\imgui.tlog\cl.write.1.tlog
d:\hlsl project\dx\imgui\imgui\debug\imgui.tlog\link.command.1.tlog
d:\hlsl project\dx\imgui\imgui\debug\imgui.tlog\link.read.1.tlog
d:\hlsl project\dx\imgui\imgui\debug\imgui.tlog\link.write.1.tlog
