d:\hlsl project\dx\imgui\imgui\release\vc140.pdb
d:\hlsl project\dx\imgui\imgui\release\winvar.obj
d:\hlsl project\dx\imgui\imgui\release\tiny_obj_loader.obj
d:\hlsl project\dx\imgui\imgui\release\time.obj
d:\hlsl project\dx\imgui\imgui\release\model.obj
d:\hlsl project\dx\imgui\imgui\release\main.obj
d:\hlsl project\dx\imgui\imgui\release\input.obj
d:\hlsl project\dx\imgui\imgui\release\imgui.obj
d:\hlsl project\dx\imgui\imgui\release\device.obj
d:\hlsl project\dx\imgui\imgui\release\cmdmain.obj
d:\hlsl project\dx\imgui\imgui\release\camera.obj
d:\hlsl project\dx\imgui\imgui\release\application.obj
d:\hlsl project\dx\imgui\release\imgui.exe
d:\hlsl project\dx\imgui\release\imgui.ipdb
d:\hlsl project\dx\imgui\release\imgui.iobj
d:\hlsl project\dx\imgui\release\imgui.pdb
d:\hlsl project\dx\imgui\imgui\release\imgui.tlog\cl.command.1.tlog
d:\hlsl project\dx\imgui\imgui\release\imgui.tlog\cl.read.1.tlog
d:\hlsl project\dx\imgui\imgui\release\imgui.tlog\cl.write.1.tlog
d:\hlsl project\dx\imgui\imgui\release\imgui.tlog\link.command.1.tlog
d:\hlsl project\dx\imgui\imgui\release\imgui.tlog\link.read.1.tlog
d:\hlsl project\dx\imgui\imgui\release\imgui.tlog\link.write.1.tlog
